[2022-08-04 15:35:44.201] [jointLog] [info] Fragment incompatibility prior below threshold.  Incompatible fragments will be ignored.
[2022-08-04 15:35:44.201] [jointLog] [info] Usage of --validateMappings implies use of minScoreFraction. Since not explicitly specified, it is being set to 0.65
[2022-08-04 15:35:44.201] [jointLog] [info] Usage of --validateMappings, without --hardFilter implies use of range factorization. rangeFactorizationBins is being set to 4
[2022-08-04 15:35:44.201] [jointLog] [info] Usage of --validateMappings implies a default consensus slack of 0.2. Setting consensusSlack to 0.2.
[2022-08-04 15:35:44.201] [jointLog] [info] parsing read library format
[2022-08-04 15:35:44.201] [jointLog] [info] There is 1 library.
[2022-08-04 15:35:44.293] [jointLog] [info] Loading Quasi index
[2022-08-04 15:35:44.343] [jointLog] [info] Loading 32-bit quasi index
[2022-08-04 15:35:56.255] [jointLog] [info] done
[2022-08-04 15:35:56.255] [jointLog] [info] Index contained 198,540 targets
[2022-08-04 15:35:57.042] [jointLog] [info] Automatically detected most likely library type as ISR
[2022-08-04 15:37:34.555] [jointLog] [info] Thread saw mini-batch with a maximum of 1.04% zero probability fragments
[2022-08-04 15:37:34.556] [jointLog] [info] Thread saw mini-batch with a maximum of 0.98% zero probability fragments
[2022-08-04 15:37:34.610] [jointLog] [info] Thread saw mini-batch with a maximum of 1.00% zero probability fragments
[2022-08-04 15:37:34.677] [jointLog] [info] Thread saw mini-batch with a maximum of 0.94% zero probability fragments
[2022-08-04 15:37:34.727] [jointLog] [info] Thread saw mini-batch with a maximum of 0.94% zero probability fragments
[2022-08-04 15:37:34.752] [jointLog] [info] Thread saw mini-batch with a maximum of 1.02% zero probability fragments
[2022-08-04 15:37:34.787] [jointLog] [info] Thread saw mini-batch with a maximum of 0.92% zero probability fragments
[2022-08-04 15:37:34.802] [jointLog] [info] Thread saw mini-batch with a maximum of 1.02% zero probability fragments
[2022-08-04 15:37:34.812] [jointLog] [info] Thread saw mini-batch with a maximum of 0.96% zero probability fragments
[2022-08-04 15:37:34.829] [jointLog] [info] Thread saw mini-batch with a maximum of 0.92% zero probability fragments
[2022-08-04 15:37:35.179] [jointLog] [info] Computed 437,381 rich equivalence classes for further processing
[2022-08-04 15:37:35.179] [jointLog] [info] Counted 14,265,157 total reads in the equivalence classes 
[2022-08-04 15:37:35.211] [jointLog] [info] Number of mappings discarded because of alignment score : 1,249,508
[2022-08-04 15:37:35.211] [jointLog] [info] Number of fragments entirely discarded because of alignment score : 871,595
[2022-08-04 15:37:35.211] [jointLog] [info] Mapping rate = 86.9934%

[2022-08-04 15:37:35.211] [jointLog] [info] finished quantifyLibrary()
[2022-08-04 15:37:35.257] [jointLog] [info] Starting optimizer
[2022-08-04 15:37:35.379] [jointLog] [info] Marked 0 weighted equivalence classes as degenerate
[2022-08-04 15:37:35.393] [jointLog] [info] iteration = 0 | max rel diff. = 5113.82
[2022-08-04 15:37:35.185] [fileLog] [info] 
At end of round 0
==================
Observed 16397972 total fragments (16397972 in most recent round)

[2022-08-04 15:37:36.690] [jointLog] [info] iteration = 100 | max rel diff. = 8.33882
[2022-08-04 15:37:37.983] [jointLog] [info] iteration = 200 | max rel diff. = 6.3154
[2022-08-04 15:37:39.288] [jointLog] [info] iteration = 300 | max rel diff. = 0.8971
[2022-08-04 15:37:40.602] [jointLog] [info] iteration = 400 | max rel diff. = 3.0226
[2022-08-04 15:37:41.916] [jointLog] [info] iteration = 500 | max rel diff. = 0.335872
[2022-08-04 15:37:43.223] [jointLog] [info] iteration = 600 | max rel diff. = 0.107001
[2022-08-04 15:37:44.518] [jointLog] [info] iteration = 700 | max rel diff. = 0.151387
[2022-08-04 15:37:45.812] [jointLog] [info] iteration = 800 | max rel diff. = 0.317601
[2022-08-04 15:37:47.107] [jointLog] [info] iteration = 900 | max rel diff. = 0.0393687
[2022-08-04 15:37:47.353] [jointLog] [info] iteration = 920 | max rel diff. = 0.00725131
[2022-08-04 15:37:47.359] [jointLog] [info] Finished optimizer
[2022-08-04 15:37:47.359] [jointLog] [info] writing output 

