[2022-08-04 15:35:39.168] [jointLog] [info] Fragment incompatibility prior below threshold.  Incompatible fragments will be ignored.
[2022-08-04 15:35:39.168] [jointLog] [info] Usage of --validateMappings implies use of minScoreFraction. Since not explicitly specified, it is being set to 0.65
[2022-08-04 15:35:39.168] [jointLog] [info] Usage of --validateMappings, without --hardFilter implies use of range factorization. rangeFactorizationBins is being set to 4
[2022-08-04 15:35:39.169] [jointLog] [info] Usage of --validateMappings implies a default consensus slack of 0.2. Setting consensusSlack to 0.2.
[2022-08-04 15:35:39.169] [jointLog] [info] parsing read library format
[2022-08-04 15:35:39.169] [jointLog] [info] There is 1 library.
[2022-08-04 15:35:39.377] [jointLog] [info] Loading Quasi index
[2022-08-04 15:35:39.452] [jointLog] [info] Loading 32-bit quasi index
[2022-08-04 15:35:51.467] [jointLog] [info] done
[2022-08-04 15:35:51.467] [jointLog] [info] Index contained 198,540 targets
[2022-08-04 15:35:52.270] [jointLog] [info] Automatically detected most likely library type as ISR
[2022-08-04 15:37:36.840] [jointLog] [info] Thread saw mini-batch with a maximum of 0.86% zero probability fragments
[2022-08-04 15:37:36.848] [jointLog] [info] Thread saw mini-batch with a maximum of 0.90% zero probability fragments
[2022-08-04 15:37:36.858] [jointLog] [info] Thread saw mini-batch with a maximum of 0.86% zero probability fragments
[2022-08-04 15:37:36.873] [jointLog] [info] Thread saw mini-batch with a maximum of 0.82% zero probability fragments
[2022-08-04 15:37:36.911] [jointLog] [info] Thread saw mini-batch with a maximum of 0.88% zero probability fragments
[2022-08-04 15:37:36.954] [jointLog] [info] Thread saw mini-batch with a maximum of 1.04% zero probability fragments
[2022-08-04 15:37:36.973] [jointLog] [info] Thread saw mini-batch with a maximum of 0.92% zero probability fragments
[2022-08-04 15:37:37.039] [jointLog] [info] Thread saw mini-batch with a maximum of 0.98% zero probability fragments
[2022-08-04 15:37:37.040] [jointLog] [info] Thread saw mini-batch with a maximum of 0.88% zero probability fragments
[2022-08-04 15:37:37.040] [jointLog] [info] Thread saw mini-batch with a maximum of 0.86% zero probability fragments
[2022-08-04 15:37:37.421] [jointLog] [info] Computed 445,292 rich equivalence classes for further processing
[2022-08-04 15:37:37.421] [jointLog] [info] Counted 14,945,879 total reads in the equivalence classes 
[2022-08-04 15:37:37.449] [jointLog] [info] Number of mappings discarded because of alignment score : 1,314,193
[2022-08-04 15:37:37.449] [jointLog] [info] Number of fragments entirely discarded because of alignment score : 1,065,084
[2022-08-04 15:37:37.449] [jointLog] [info] Mapping rate = 86.6251%

[2022-08-04 15:37:37.449] [jointLog] [info] finished quantifyLibrary()
[2022-08-04 15:37:37.530] [jointLog] [info] Starting optimizer
[2022-08-04 15:37:37.422] [fileLog] [info] 
At end of round 0
==================
Observed 17253525 total fragments (17253525 in most recent round)

[2022-08-04 15:37:37.645] [jointLog] [info] Marked 0 weighted equivalence classes as degenerate
[2022-08-04 15:37:37.658] [jointLog] [info] iteration = 0 | max rel diff. = 5225.37
[2022-08-04 15:37:38.905] [jointLog] [info] iteration = 100 | max rel diff. = 10.4168
[2022-08-04 15:37:40.141] [jointLog] [info] iteration = 200 | max rel diff. = 6.37804
[2022-08-04 15:37:41.377] [jointLog] [info] iteration = 300 | max rel diff. = 2.30028
[2022-08-04 15:37:42.609] [jointLog] [info] iteration = 400 | max rel diff. = 1.98346
[2022-08-04 15:37:43.773] [jointLog] [info] iteration = 500 | max rel diff. = 0.392811
[2022-08-04 15:37:44.938] [jointLog] [info] iteration = 600 | max rel diff. = 0.0909866
[2022-08-04 15:37:46.104] [jointLog] [info] iteration = 700 | max rel diff. = 0.120152
[2022-08-04 15:37:47.268] [jointLog] [info] iteration = 800 | max rel diff. = 2.16462
[2022-08-04 15:37:48.433] [jointLog] [info] iteration = 900 | max rel diff. = 0.135822
[2022-08-04 15:37:49.598] [jointLog] [info] iteration = 1,000 | max rel diff. = 0.0489396
[2022-08-04 15:37:49.855] [jointLog] [info] iteration = 1,023 | max rel diff. = 0.00731426
[2022-08-04 15:37:49.860] [jointLog] [info] Finished optimizer
[2022-08-04 15:37:49.860] [jointLog] [info] writing output 

