[2022-08-23 14:02:32.305] [jointLog] [info] Fragment incompatibility prior below threshold.  Incompatible fragments will be ignored.
[2022-08-23 14:02:32.305] [jointLog] [info] Usage of --validateMappings implies use of minScoreFraction. Since not explicitly specified, it is being set to 0.65
[2022-08-23 14:02:32.305] [jointLog] [info] Usage of --validateMappings, without --hardFilter implies use of range factorization. rangeFactorizationBins is being set to 4
[2022-08-23 14:02:32.306] [jointLog] [info] Usage of --validateMappings implies a default consensus slack of 0.2. Setting consensusSlack to 0.2.
[2022-08-23 14:02:32.306] [jointLog] [info] parsing read library format
[2022-08-23 14:02:32.306] [jointLog] [info] There is 1 library.
[2022-08-23 14:02:32.355] [jointLog] [info] Loading Quasi index
[2022-08-23 14:02:32.357] [jointLog] [info] Loading 32-bit quasi index
[2022-08-23 14:02:45.137] [jointLog] [info] done
[2022-08-23 14:02:45.137] [jointLog] [info] Index contained 198,541 targets
[2022-08-23 14:02:45.893] [jointLog] [info] Automatically detected most likely library type as ISR
[2022-08-23 14:04:15.496] [jointLog] [info] Thread saw mini-batch with a maximum of 1.04% zero probability fragments
[2022-08-23 14:04:15.503] [jointLog] [info] Thread saw mini-batch with a maximum of 0.90% zero probability fragments
[2022-08-23 14:04:15.527] [jointLog] [info] Thread saw mini-batch with a maximum of 0.96% zero probability fragments
[2022-08-23 14:04:15.530] [jointLog] [info] Thread saw mini-batch with a maximum of 0.96% zero probability fragments
[2022-08-23 14:04:15.542] [jointLog] [info] Thread saw mini-batch with a maximum of 0.96% zero probability fragments
[2022-08-23 14:04:15.542] [jointLog] [info] Thread saw mini-batch with a maximum of 0.88% zero probability fragments
[2022-08-23 14:04:15.621] [jointLog] [info] Thread saw mini-batch with a maximum of 0.84% zero probability fragments
[2022-08-23 14:04:15.638] [jointLog] [info] Thread saw mini-batch with a maximum of 0.84% zero probability fragments
[2022-08-23 14:04:15.661] [jointLog] [info] Thread saw mini-batch with a maximum of 0.90% zero probability fragments
[2022-08-23 14:04:15.664] [jointLog] [info] Thread saw mini-batch with a maximum of 0.88% zero probability fragments
[2022-08-23 14:04:16.041] [fileLog] [info] 
At end of round 0
==================
Observed 15830602 total fragments (15830602 in most recent round)

[2022-08-23 14:04:16.040] [jointLog] [info] Computed 443,397 rich equivalence classes for further processing
[2022-08-23 14:04:16.040] [jointLog] [info] Counted 13,754,456 total reads in the equivalence classes 
[2022-08-23 14:04:16.064] [jointLog] [info] Number of mappings discarded because of alignment score : 1,267,694
[2022-08-23 14:04:16.064] [jointLog] [info] Number of fragments entirely discarded because of alignment score : 883,837
[2022-08-23 14:04:16.064] [jointLog] [info] Mapping rate = 86.8852%

[2022-08-23 14:04:16.064] [jointLog] [info] finished quantifyLibrary()
[2022-08-23 14:04:16.067] [jointLog] [info] Starting optimizer
[2022-08-23 14:04:16.223] [jointLog] [info] Marked 0 weighted equivalence classes as degenerate
[2022-08-23 14:04:16.239] [jointLog] [info] iteration = 0 | max rel diff. = 5011.74
[2022-08-23 14:04:17.904] [jointLog] [info] iteration = 100 | max rel diff. = 14.9379
[2022-08-23 14:04:19.826] [jointLog] [info] iteration = 200 | max rel diff. = 3.21736
[2022-08-23 14:04:21.704] [jointLog] [info] iteration = 300 | max rel diff. = 0.645216
[2022-08-23 14:04:23.409] [jointLog] [info] iteration = 400 | max rel diff. = 2.07286
[2022-08-23 14:04:25.068] [jointLog] [info] iteration = 500 | max rel diff. = 0.171623
[2022-08-23 14:04:26.558] [jointLog] [info] iteration = 600 | max rel diff. = 0.465396
[2022-08-23 14:04:27.859] [jointLog] [info] iteration = 700 | max rel diff. = 4.06146
[2022-08-23 14:04:29.216] [jointLog] [info] iteration = 800 | max rel diff. = 0.0273006
[2022-08-23 14:04:30.566] [jointLog] [info] iteration = 900 | max rel diff. = 7.66516
[2022-08-23 14:04:31.315] [jointLog] [info] iteration = 959 | max rel diff. = 0.00853737
[2022-08-23 14:04:31.323] [jointLog] [info] Finished optimizer
[2022-08-23 14:04:31.323] [jointLog] [info] writing output 

